<?xml version="1.0" encoding="UTF-8"?>
<!-- Generated by org.testng.reporters.JUnitXMLReporter -->
<testsuite hostname="Aams-MacBook-Pro-2.local" name="Surefire test" tests="11" failures="0" timestamp="23 Aug 2016 17:49:22 GMT" time="13.682" errors="0">
  <testcase name="chqconnectiontest" time="1.668" classname="com.paxotech.api.HeatClinicTest"/>
  <testcase name="test2" time="0.16" classname="com.paxotech.api.HeatClinicTest"/>
  <testcase name="test3" time="0.154" classname="com.paxotech.api.HeatClinicTest"/>
  <testcase name="test4" time="0.411" classname="com.paxotech.api.HeatClinicTest"/>
  <testcase name="test5" time="0.044" classname="com.paxotech.api.HeatClinicTest"/>
  <testcase name="testJson1" time="0.196" classname="com.paxotech.api.HeatClinicTest"/>
  <testcase name="chqconnectiontest" time="2.991" classname="com.paxotech.api.SpreeTest"/>
  <testcase name="test2" time="2.274" classname="com.paxotech.api.SpreeTest"/>
  <testcase name="test3" time="0.55" classname="com.paxotech.api.SpreeTest"/>
  <testcase name="test4" time="0.427" classname="com.paxotech.api.SpreeTest"/>
  <testcase name="test5" time="0.685" classname="com.paxotech.api.SpreeTest"/>
</testsuite> <!-- Surefire test -->
