<?xml version="1.0" encoding="UTF-8"?>
<!-- Generated by org.testng.reporters.JUnitXMLReporter -->
<testsuite hostname="Aams-MacBook-Pro-2.local" name="Surefire test" tests="11" failures="0" timestamp="23 Aug 2016 17:54:45 GMT" time="13.299" errors="0">
  <testcase name="chqconnectiontest" time="1.782" classname="com.paxotech.api.HeatClinicTest"/>
  <testcase name="test2" time="0.147" classname="com.paxotech.api.HeatClinicTest"/>
  <testcase name="test3" time="0.134" classname="com.paxotech.api.HeatClinicTest"/>
  <testcase name="test4" time="0.478" classname="com.paxotech.api.HeatClinicTest"/>
  <testcase name="test5" time="0.054" classname="com.paxotech.api.HeatClinicTest"/>
  <testcase name="testJson1" time="0.07" classname="com.paxotech.api.HeatClinicTest"/>
  <testcase name="chqconnectiontest" time="2.327" classname="com.paxotech.api.SpreeTest"/>
  <testcase name="test2" time="3.092" classname="com.paxotech.api.SpreeTest"/>
  <testcase name="test3" time="0.164" classname="com.paxotech.api.SpreeTest"/>
  <testcase name="test4" time="0.403" classname="com.paxotech.api.SpreeTest"/>
  <testcase name="test5" time="0.768" classname="com.paxotech.api.SpreeTest"/>
</testsuite> <!-- Surefire test -->
