<?xml version="1.0" encoding="UTF-8"?>
<testng-results skipped="0" failed="0" total="11" passed="11">
  <reporter-output>
  </reporter-output>
  <suite name="Surefire suite" duration-ms="13299" started-at="2016-08-23T17:54:32Z" finished-at="2016-08-23T17:54:45Z">
    <groups>
    </groups>
    <test name="Surefire test" duration-ms="13299" started-at="2016-08-23T17:54:32Z" finished-at="2016-08-23T17:54:45Z">
      <class name="com.paxotech.api.SpreeTest">
        <test-method status="PASS" signature="chqconnectiontest()[pri:0, instance:com.paxotech.api.SpreeTest@39ad12b6]" name="chqconnectiontest" duration-ms="2327" started-at="2016-08-23T13:54:39Z" finished-at="2016-08-23T13:54:41Z">
          <reporter-output>
          </reporter-output>
        </test-method> <!-- chqconnectiontest -->
        <test-method status="PASS" signature="beforeMethod()[pri:0, instance:com.paxotech.api.SpreeTest@39ad12b6]" name="beforeMethod" is-config="true" duration-ms="0" started-at="2016-08-23T13:54:39Z" finished-at="2016-08-23T13:54:39Z">
          <reporter-output>
          </reporter-output>
        </test-method> <!-- beforeMethod -->
        <test-method status="PASS" signature="beforeMethod()[pri:0, instance:com.paxotech.api.SpreeTest@39ad12b6]" name="beforeMethod" is-config="true" duration-ms="1" started-at="2016-08-23T13:54:41Z" finished-at="2016-08-23T13:54:41Z">
          <reporter-output>
          </reporter-output>
        </test-method> <!-- beforeMethod -->
        <test-method status="PASS" signature="test2()[pri:0, instance:com.paxotech.api.SpreeTest@39ad12b6]" name="test2" duration-ms="3092" started-at="2016-08-23T13:54:41Z" finished-at="2016-08-23T13:54:44Z">
          <reporter-output>
          </reporter-output>
        </test-method> <!-- test2 -->
        <test-method status="PASS" signature="beforeMethod()[pri:0, instance:com.paxotech.api.SpreeTest@39ad12b6]" name="beforeMethod" is-config="true" duration-ms="0" started-at="2016-08-23T13:54:44Z" finished-at="2016-08-23T13:54:44Z">
          <reporter-output>
          </reporter-output>
        </test-method> <!-- beforeMethod -->
        <test-method status="PASS" signature="test3()[pri:0, instance:com.paxotech.api.SpreeTest@39ad12b6]" name="test3" duration-ms="164" started-at="2016-08-23T13:54:44Z" finished-at="2016-08-23T13:54:44Z">
          <reporter-output>
          </reporter-output>
        </test-method> <!-- test3 -->
        <test-method status="PASS" signature="test4()[pri:0, instance:com.paxotech.api.SpreeTest@39ad12b6]" name="test4" duration-ms="403" started-at="2016-08-23T13:54:44Z" finished-at="2016-08-23T13:54:44Z">
          <reporter-output>
          </reporter-output>
        </test-method> <!-- test4 -->
        <test-method status="PASS" signature="beforeMethod()[pri:0, instance:com.paxotech.api.SpreeTest@39ad12b6]" name="beforeMethod" is-config="true" duration-ms="0" started-at="2016-08-23T13:54:44Z" finished-at="2016-08-23T13:54:44Z">
          <reporter-output>
          </reporter-output>
        </test-method> <!-- beforeMethod -->
        <test-method status="PASS" signature="beforeMethod()[pri:0, instance:com.paxotech.api.SpreeTest@39ad12b6]" name="beforeMethod" is-config="true" duration-ms="0" started-at="2016-08-23T13:54:44Z" finished-at="2016-08-23T13:54:44Z">
          <reporter-output>
          </reporter-output>
        </test-method> <!-- beforeMethod -->
        <test-method status="PASS" signature="test5()[pri:0, instance:com.paxotech.api.SpreeTest@39ad12b6]" name="test5" duration-ms="768" started-at="2016-08-23T13:54:44Z" finished-at="2016-08-23T13:54:45Z">
          <reporter-output>
          </reporter-output>
        </test-method> <!-- test5 -->
      </class> <!-- com.paxotech.api.SpreeTest -->
      <class name="com.paxotech.api.HeatClinicTest">
        <test-method status="PASS" signature="beforeMethod()[pri:0, instance:com.paxotech.api.HeatClinicTest@4893b344]" name="beforeMethod" is-config="true" duration-ms="3804" started-at="2016-08-23T13:54:32Z" finished-at="2016-08-23T13:54:36Z">
          <reporter-output>
          </reporter-output>
        </test-method> <!-- beforeMethod -->
        <test-method status="PASS" signature="chqconnectiontest()[pri:0, instance:com.paxotech.api.HeatClinicTest@4893b344]" name="chqconnectiontest" duration-ms="1782" started-at="2016-08-23T13:54:36Z" finished-at="2016-08-23T13:54:38Z">
          <reporter-output>
          </reporter-output>
        </test-method> <!-- chqconnectiontest -->
        <test-method status="PASS" signature="beforeMethod()[pri:0, instance:com.paxotech.api.HeatClinicTest@4893b344]" name="beforeMethod" is-config="true" duration-ms="0" started-at="2016-08-23T13:54:38Z" finished-at="2016-08-23T13:54:38Z">
          <reporter-output>
          </reporter-output>
        </test-method> <!-- beforeMethod -->
        <test-method status="PASS" signature="afterMethod()[pri:0, instance:com.paxotech.api.HeatClinicTest@4893b344]" name="afterMethod" is-config="true" duration-ms="0" started-at="2016-08-23T13:54:38Z" finished-at="2016-08-23T13:54:38Z">
          <reporter-output>
          </reporter-output>
        </test-method> <!-- afterMethod -->
        <test-method status="PASS" signature="test2()[pri:0, instance:com.paxotech.api.HeatClinicTest@4893b344]" name="test2" duration-ms="147" started-at="2016-08-23T13:54:38Z" finished-at="2016-08-23T13:54:38Z">
          <reporter-output>
          </reporter-output>
        </test-method> <!-- test2 -->
        <test-method status="PASS" signature="afterMethod()[pri:0, instance:com.paxotech.api.HeatClinicTest@4893b344]" name="afterMethod" is-config="true" duration-ms="0" started-at="2016-08-23T13:54:38Z" finished-at="2016-08-23T13:54:38Z">
          <reporter-output>
          </reporter-output>
        </test-method> <!-- afterMethod -->
        <test-method status="PASS" signature="beforeMethod()[pri:0, instance:com.paxotech.api.HeatClinicTest@4893b344]" name="beforeMethod" is-config="true" duration-ms="0" started-at="2016-08-23T13:54:38Z" finished-at="2016-08-23T13:54:38Z">
          <reporter-output>
          </reporter-output>
        </test-method> <!-- beforeMethod -->
        <test-method status="PASS" signature="test3()[pri:0, instance:com.paxotech.api.HeatClinicTest@4893b344]" name="test3" duration-ms="134" started-at="2016-08-23T13:54:38Z" finished-at="2016-08-23T13:54:38Z">
          <reporter-output>
          </reporter-output>
        </test-method> <!-- test3 -->
        <test-method status="PASS" signature="beforeMethod()[pri:0, instance:com.paxotech.api.HeatClinicTest@4893b344]" name="beforeMethod" is-config="true" duration-ms="0" started-at="2016-08-23T13:54:38Z" finished-at="2016-08-23T13:54:38Z">
          <reporter-output>
          </reporter-output>
        </test-method> <!-- beforeMethod -->
        <test-method status="PASS" signature="afterMethod()[pri:0, instance:com.paxotech.api.HeatClinicTest@4893b344]" name="afterMethod" is-config="true" duration-ms="0" started-at="2016-08-23T13:54:38Z" finished-at="2016-08-23T13:54:38Z">
          <reporter-output>
          </reporter-output>
        </test-method> <!-- afterMethod -->
        <test-method status="PASS" signature="test4()[pri:0, instance:com.paxotech.api.HeatClinicTest@4893b344]" name="test4" duration-ms="478" started-at="2016-08-23T13:54:38Z" finished-at="2016-08-23T13:54:38Z">
          <reporter-output>
          </reporter-output>
        </test-method> <!-- test4 -->
        <test-method status="PASS" signature="afterMethod()[pri:0, instance:com.paxotech.api.HeatClinicTest@4893b344]" name="afterMethod" is-config="true" duration-ms="0" started-at="2016-08-23T13:54:38Z" finished-at="2016-08-23T13:54:38Z">
          <reporter-output>
          </reporter-output>
        </test-method> <!-- afterMethod -->
        <test-method status="PASS" signature="test5()[pri:0, instance:com.paxotech.api.HeatClinicTest@4893b344]" name="test5" duration-ms="54" started-at="2016-08-23T13:54:38Z" finished-at="2016-08-23T13:54:38Z">
          <reporter-output>
          </reporter-output>
        </test-method> <!-- test5 -->
        <test-method status="PASS" signature="beforeMethod()[pri:0, instance:com.paxotech.api.HeatClinicTest@4893b344]" name="beforeMethod" is-config="true" duration-ms="0" started-at="2016-08-23T13:54:38Z" finished-at="2016-08-23T13:54:38Z">
          <reporter-output>
          </reporter-output>
        </test-method> <!-- beforeMethod -->
        <test-method status="PASS" signature="beforeMethod()[pri:0, instance:com.paxotech.api.HeatClinicTest@4893b344]" name="beforeMethod" is-config="true" duration-ms="0" started-at="2016-08-23T13:54:38Z" finished-at="2016-08-23T13:54:38Z">
          <reporter-output>
          </reporter-output>
        </test-method> <!-- beforeMethod -->
        <test-method status="PASS" signature="afterMethod()[pri:0, instance:com.paxotech.api.HeatClinicTest@4893b344]" name="afterMethod" is-config="true" duration-ms="0" started-at="2016-08-23T13:54:38Z" finished-at="2016-08-23T13:54:38Z">
          <reporter-output>
          </reporter-output>
        </test-method> <!-- afterMethod -->
        <test-method status="PASS" signature="testJson1()[pri:0, instance:com.paxotech.api.HeatClinicTest@4893b344]" name="testJson1" duration-ms="70" started-at="2016-08-23T13:54:38Z" finished-at="2016-08-23T13:54:39Z">
          <reporter-output>
          </reporter-output>
        </test-method> <!-- testJson1 -->
        <test-method status="PASS" signature="afterMethod()[pri:0, instance:com.paxotech.api.HeatClinicTest@4893b344]" name="afterMethod" is-config="true" duration-ms="0" started-at="2016-08-23T13:54:39Z" finished-at="2016-08-23T13:54:39Z">
          <reporter-output>
          </reporter-output>
        </test-method> <!-- afterMethod -->
      </class> <!-- com.paxotech.api.HeatClinicTest -->
    </test> <!-- Surefire test -->
  </suite> <!-- Surefire suite -->
</testng-results>
