<?xml version="1.0" encoding="UTF-8"?>
<testng-results skipped="0" failed="0" total="11" passed="11">
  <reporter-output>
  </reporter-output>
  <suite name="Surefire suite" duration-ms="12966" started-at="2016-08-23T17:39:02Z" finished-at="2016-08-23T17:39:15Z">
    <groups>
    </groups>
    <test name="Surefire test" duration-ms="12966" started-at="2016-08-23T17:39:02Z" finished-at="2016-08-23T17:39:15Z">
      <class name="com.paxotech.api.SpreeTest">
        <test-method status="PASS" signature="beforeMethod()[pri:0, instance:com.paxotech.api.SpreeTest@211febf3]" name="beforeMethod" is-config="true" duration-ms="0" started-at="2016-08-23T13:39:09Z" finished-at="2016-08-23T13:39:09Z">
          <reporter-output>
          </reporter-output>
        </test-method> <!-- beforeMethod -->
        <test-method status="PASS" signature="chqconnectiontest()[pri:0, instance:com.paxotech.api.SpreeTest@211febf3]" name="chqconnectiontest" duration-ms="2322" started-at="2016-08-23T13:39:09Z" finished-at="2016-08-23T13:39:11Z">
          <reporter-output>
          </reporter-output>
        </test-method> <!-- chqconnectiontest -->
        <test-method status="PASS" signature="beforeMethod()[pri:0, instance:com.paxotech.api.SpreeTest@211febf3]" name="beforeMethod" is-config="true" duration-ms="0" started-at="2016-08-23T13:39:11Z" finished-at="2016-08-23T13:39:11Z">
          <reporter-output>
          </reporter-output>
        </test-method> <!-- beforeMethod -->
        <test-method status="PASS" signature="test2()[pri:0, instance:com.paxotech.api.SpreeTest@211febf3]" name="test2" duration-ms="3237" started-at="2016-08-23T13:39:11Z" finished-at="2016-08-23T13:39:14Z">
          <reporter-output>
          </reporter-output>
        </test-method> <!-- test2 -->
        <test-method status="PASS" signature="beforeMethod()[pri:0, instance:com.paxotech.api.SpreeTest@211febf3]" name="beforeMethod" is-config="true" duration-ms="0" started-at="2016-08-23T13:39:14Z" finished-at="2016-08-23T13:39:14Z">
          <reporter-output>
          </reporter-output>
        </test-method> <!-- beforeMethod -->
        <test-method status="PASS" signature="test3()[pri:0, instance:com.paxotech.api.SpreeTest@211febf3]" name="test3" duration-ms="166" started-at="2016-08-23T13:39:14Z" finished-at="2016-08-23T13:39:14Z">
          <reporter-output>
          </reporter-output>
        </test-method> <!-- test3 -->
        <test-method status="PASS" signature="beforeMethod()[pri:0, instance:com.paxotech.api.SpreeTest@211febf3]" name="beforeMethod" is-config="true" duration-ms="0" started-at="2016-08-23T13:39:14Z" finished-at="2016-08-23T13:39:14Z">
          <reporter-output>
          </reporter-output>
        </test-method> <!-- beforeMethod -->
        <test-method status="PASS" signature="test4()[pri:0, instance:com.paxotech.api.SpreeTest@211febf3]" name="test4" duration-ms="234" started-at="2016-08-23T13:39:14Z" finished-at="2016-08-23T13:39:15Z">
          <reporter-output>
          </reporter-output>
        </test-method> <!-- test4 -->
        <test-method status="PASS" signature="beforeMethod()[pri:0, instance:com.paxotech.api.SpreeTest@211febf3]" name="beforeMethod" is-config="true" duration-ms="0" started-at="2016-08-23T13:39:15Z" finished-at="2016-08-23T13:39:15Z">
          <reporter-output>
          </reporter-output>
        </test-method> <!-- beforeMethod -->
        <test-method status="PASS" signature="test5()[pri:0, instance:com.paxotech.api.SpreeTest@211febf3]" name="test5" duration-ms="374" started-at="2016-08-23T13:39:15Z" finished-at="2016-08-23T13:39:15Z">
          <reporter-output>
          </reporter-output>
        </test-method> <!-- test5 -->
      </class> <!-- com.paxotech.api.SpreeTest -->
      <class name="com.paxotech.api.HeatClinicTest">
        <test-method status="PASS" signature="beforeMethod()[pri:0, instance:com.paxotech.api.HeatClinicTest@2c0b4c83]" name="beforeMethod" is-config="true" duration-ms="3834" started-at="2016-08-23T13:39:02Z" finished-at="2016-08-23T13:39:06Z">
          <reporter-output>
          </reporter-output>
        </test-method> <!-- beforeMethod -->
        <test-method status="PASS" signature="chqconnectiontest()[pri:0, instance:com.paxotech.api.HeatClinicTest@2c0b4c83]" name="chqconnectiontest" duration-ms="1751" started-at="2016-08-23T13:39:06Z" finished-at="2016-08-23T13:39:08Z">
          <reporter-output>
          </reporter-output>
        </test-method> <!-- chqconnectiontest -->
        <test-method status="PASS" signature="beforeMethod()[pri:0, instance:com.paxotech.api.HeatClinicTest@2c0b4c83]" name="beforeMethod" is-config="true" duration-ms="0" started-at="2016-08-23T13:39:08Z" finished-at="2016-08-23T13:39:08Z">
          <reporter-output>
          </reporter-output>
        </test-method> <!-- beforeMethod -->
        <test-method status="PASS" signature="test2()[pri:0, instance:com.paxotech.api.HeatClinicTest@2c0b4c83]" name="test2" duration-ms="167" started-at="2016-08-23T13:39:08Z" finished-at="2016-08-23T13:39:08Z">
          <reporter-output>
          </reporter-output>
        </test-method> <!-- test2 -->
        <test-method status="PASS" signature="afterMethod()[pri:0, instance:com.paxotech.api.HeatClinicTest@2c0b4c83]" name="afterMethod" is-config="true" duration-ms="0" started-at="2016-08-23T13:39:08Z" finished-at="2016-08-23T13:39:08Z">
          <reporter-output>
          </reporter-output>
        </test-method> <!-- afterMethod -->
        <test-method status="PASS" signature="afterMethod()[pri:0, instance:com.paxotech.api.HeatClinicTest@2c0b4c83]" name="afterMethod" is-config="true" duration-ms="0" started-at="2016-08-23T13:39:08Z" finished-at="2016-08-23T13:39:08Z">
          <reporter-output>
          </reporter-output>
        </test-method> <!-- afterMethod -->
        <test-method status="PASS" signature="beforeMethod()[pri:0, instance:com.paxotech.api.HeatClinicTest@2c0b4c83]" name="beforeMethod" is-config="true" duration-ms="0" started-at="2016-08-23T13:39:08Z" finished-at="2016-08-23T13:39:08Z">
          <reporter-output>
          </reporter-output>
        </test-method> <!-- beforeMethod -->
        <test-method status="PASS" signature="test3()[pri:0, instance:com.paxotech.api.HeatClinicTest@2c0b4c83]" name="test3" duration-ms="168" started-at="2016-08-23T13:39:08Z" finished-at="2016-08-23T13:39:08Z">
          <reporter-output>
          </reporter-output>
        </test-method> <!-- test3 -->
        <test-method status="PASS" signature="beforeMethod()[pri:0, instance:com.paxotech.api.HeatClinicTest@2c0b4c83]" name="beforeMethod" is-config="true" duration-ms="0" started-at="2016-08-23T13:39:08Z" finished-at="2016-08-23T13:39:08Z">
          <reporter-output>
          </reporter-output>
        </test-method> <!-- beforeMethod -->
        <test-method status="PASS" signature="afterMethod()[pri:0, instance:com.paxotech.api.HeatClinicTest@2c0b4c83]" name="afterMethod" is-config="true" duration-ms="0" started-at="2016-08-23T13:39:08Z" finished-at="2016-08-23T13:39:08Z">
          <reporter-output>
          </reporter-output>
        </test-method> <!-- afterMethod -->
        <test-method status="PASS" signature="test4()[pri:0, instance:com.paxotech.api.HeatClinicTest@2c0b4c83]" name="test4" duration-ms="504" started-at="2016-08-23T13:39:08Z" finished-at="2016-08-23T13:39:09Z">
          <reporter-output>
          </reporter-output>
        </test-method> <!-- test4 -->
        <test-method status="PASS" signature="afterMethod()[pri:0, instance:com.paxotech.api.HeatClinicTest@2c0b4c83]" name="afterMethod" is-config="true" duration-ms="0" started-at="2016-08-23T13:39:09Z" finished-at="2016-08-23T13:39:09Z">
          <reporter-output>
          </reporter-output>
        </test-method> <!-- afterMethod -->
        <test-method status="PASS" signature="test5()[pri:0, instance:com.paxotech.api.HeatClinicTest@2c0b4c83]" name="test5" duration-ms="43" started-at="2016-08-23T13:39:09Z" finished-at="2016-08-23T13:39:09Z">
          <reporter-output>
          </reporter-output>
        </test-method> <!-- test5 -->
        <test-method status="PASS" signature="beforeMethod()[pri:0, instance:com.paxotech.api.HeatClinicTest@2c0b4c83]" name="beforeMethod" is-config="true" duration-ms="0" started-at="2016-08-23T13:39:09Z" finished-at="2016-08-23T13:39:09Z">
          <reporter-output>
          </reporter-output>
        </test-method> <!-- beforeMethod -->
        <test-method status="PASS" signature="testJson1()[pri:0, instance:com.paxotech.api.HeatClinicTest@2c0b4c83]" name="testJson1" duration-ms="72" started-at="2016-08-23T13:39:09Z" finished-at="2016-08-23T13:39:09Z">
          <reporter-output>
          </reporter-output>
        </test-method> <!-- testJson1 -->
        <test-method status="PASS" signature="beforeMethod()[pri:0, instance:com.paxotech.api.HeatClinicTest@2c0b4c83]" name="beforeMethod" is-config="true" duration-ms="0" started-at="2016-08-23T13:39:09Z" finished-at="2016-08-23T13:39:09Z">
          <reporter-output>
          </reporter-output>
        </test-method> <!-- beforeMethod -->
        <test-method status="PASS" signature="afterMethod()[pri:0, instance:com.paxotech.api.HeatClinicTest@2c0b4c83]" name="afterMethod" is-config="true" duration-ms="0" started-at="2016-08-23T13:39:09Z" finished-at="2016-08-23T13:39:09Z">
          <reporter-output>
          </reporter-output>
        </test-method> <!-- afterMethod -->
        <test-method status="PASS" signature="afterMethod()[pri:0, instance:com.paxotech.api.HeatClinicTest@2c0b4c83]" name="afterMethod" is-config="true" duration-ms="0" started-at="2016-08-23T13:39:09Z" finished-at="2016-08-23T13:39:09Z">
          <reporter-output>
          </reporter-output>
        </test-method> <!-- afterMethod -->
      </class> <!-- com.paxotech.api.HeatClinicTest -->
    </test> <!-- Surefire test -->
  </suite> <!-- Surefire suite -->
</testng-results>
